<?xml version="1.0" encoding="UTF-8"?>
<!-- Generated by org.testng.reporters.JUnitReportReporter -->
<testsuite hostname="MS" failures="0" tests="3" name="DataDrivenExcel.ExcelDriven.dataDrivenTest" time="0.024" errors="0" timestamp="2024-02-07T09:24:20 IST" skipped="0">
  <testcase classname="DataDrivenExcel.ExcelDriven.dataDrivenTest" name="testCaseData" time="0.012"/>
  <testcase classname="DataDrivenExcel.ExcelDriven.dataDrivenTest" name="testCaseData" time="0.003"/>
  <testcase classname="DataDrivenExcel.ExcelDriven.dataDrivenTest" name="testCaseData" time="0.009"/>
</testsuite> <!-- DataDrivenExcel.ExcelDriven.dataDrivenTest -->
